#
# There is insufficient memory for the Java Runtime Environment to continue.
# Native memory allocation (malloc) failed to allocate 131088 bytes for Chunk::new
# Possible reasons:
#   The system is out of physical RAM or swap space
#   The process is running with CompressedOops enabled, and the Java Heap may be blocking the growth of the native heap
# Possible solutions:
#   Reduce memory load on the system
#   Increase physical memory or swap space
#   Check if swap backing store is full
#   Decrease Java heap size (-Xmx/-Xms)
#   Decrease number of Java threads
#   Decrease Java thread stack sizes (-Xss)
#   Set larger code cache with -XX:ReservedCodeCacheSize=
#   JVM is running with Zero Based Compressed Oops mode in which the Java heap is
#     placed in the first 32GB address space. The Java Heap base address is the
#     maximum limit for the native heap growth. Please use -XX:HeapBaseMinAddress
#     to set the Java Heap base and to place the Java Heap above 32GB virtual address.
# This output file may be truncated or incomplete.
#
#  Out of Memory Error (allocation.cpp:389), pid=964, tid=0x0000000000005730
#
# JRE version: Java(TM) SE Runtime Environment (8.0_211-b12) (build 1.8.0_211-b12)
# Java VM: Java HotSpot(TM) 64-Bit Server VM (25.211-b12 mixed mode windows-amd64 compressed oops)
# Failed to write core dump. Minidumps are not enabled by default on client versions of Windows
#

---------------  T H R E A D  ---------------

Current thread (0x000000001be9c000):  JavaThread "C2 CompilerThread0" daemon [_thread_in_native, id=22320, stack(0x000000001d510000,0x000000001d610000)]

Stack: [0x000000001d510000,0x000000001d610000]
[error occurred during error reporting (printing stack bounds), id 0xc0000005]

Native frames: (J=compiled Java code, j=interpreted, Vv=VM code, C=native code)


Current CompileTask:
C2:   5035 1195       4       me.nullicorn.nedit.type.NBTCompound::tagToString (199 bytes)


---------------  P R O C E S S  ---------------

Java Threads: ( => current thread )
  0x00000000025be000 JavaThread "DestroyJavaVM" [_thread_blocked, id=25824, stack(0x0000000002690000,0x0000000002790000)]
  0x000000001d913800 JavaThread "Keep-Alive-Timer" daemon [_thread_blocked, id=23308, stack(0x000000001eb50000,0x000000001ec50000)]
  0x000000001d83a800 JavaThread "Service Thread" daemon [_thread_blocked, id=12264, stack(0x000000001dc10000,0x000000001dd10000)]
  0x000000001beab000 JavaThread "C1 CompilerThread2" daemon [_thread_blocked, id=11992, stack(0x000000001d710000,0x000000001d810000)]
  0x000000001bea8000 JavaThread "C2 CompilerThread1" daemon [_thread_in_native, id=21400, stack(0x000000001d610000,0x000000001d710000)]
=>0x000000001be9c000 JavaThread "C2 CompilerThread0" daemon [_thread_in_native, id=22320, stack(0x000000001d510000,0x000000001d610000)]
  0x000000001bea5800 JavaThread "Attach Listener" daemon [_thread_blocked, id=6636, stack(0x000000001d410000,0x000000001d510000)]
  0x000000001bea4800 JavaThread "Signal Dispatcher" daemon [_thread_blocked, id=1368, stack(0x000000001d310000,0x000000001d410000)]
  0x000000001be8a800 JavaThread "Finalizer" daemon [_thread_blocked, id=28228, stack(0x000000001d110000,0x000000001d210000)]
  0x0000000002880000 JavaThread "Reference Handler" daemon [_thread_blocked, id=27904, stack(0x000000001d010000,0x000000001d110000)]

Other Threads:
  0x000000001be68000 VMThread [stack: 0x000000001cf10000,0x000000001d010000] [id=4756]
  0x000000001d84b800 WatcherThread [stack: 0x000000001dd10000,0x000000001de10000] [id=5380]

VM state:not at safepoint (normal execution)

VM Mutex/Monitor currently owned by a thread: None

OutOfMemory and StackOverflow Exception counts:
OutOfMemoryError java_heap_errors=1

heap address: 0x00000006c1400000, size: 4076 MB, Compressed Oops mode: Zero based, Oop shift amount: 3
Narrow klass base: 0x0000000000000000, Narrow klass shift: 3
Compressed class space size: 1073741824 Address: 0x00000007c0000000

Heap:
 PSYoungGen      total 116736K, used 41479K [0x000000076b180000, 0x0000000773100000, 0x00000007c0000000)
  eden space 104960K, 36% used [0x000000076b180000,0x000000076d71c1b8,0x0000000771800000)
  from space 11776K, 25% used [0x0000000772580000,0x0000000772865cc0,0x0000000773100000)
  to   space 12800K, 0% used [0x0000000771800000,0x0000000771800000,0x0000000772480000)
 ParOldGen       total 175104K, used 2982K [0x00000006c1400000, 0x00000006cbf00000, 0x000000076b180000)
  object space 175104K, 1% used [0x00000006c1400000,0x00000006c16e9a40,0x00000006cbf00000)
 Metaspace       used 9310K, capacity 9562K, committed 9600K, reserved 1058816K
  class space    used 1041K, capacity 1131K, committed 1152K, reserved 1048576K

Card table byte_map: [0x0000000011c50000,0x0000000012450000] byte_map_base: 0x000000000e646000

Marking Bits: (ParMarkBitMap*) 0x0000000071c65ce0
 Begin Bits: [0x0000000012da0000, 0x0000000016d50000)
 End Bits:   [0x0000000016d50000, 0x000000001ad00000)

Polling page: 0x00000000024e0000

CodeCache: size=245760Kb used=4049Kb max_used=4058Kb free=241710Kb
 bounds [0x0000000002890000, 0x0000000002c90000, 0x0000000011890000]
 total_blobs=1553 nmethods=1194 adapters=272
 compilation: enabled

Compilation events (10 events):
Event: 4.964 Thread 0x000000001beab000 1191       3       sun.nio.cs.UTF_8$Decoder::isMalformed3 (45 bytes)
Event: 4.964 Thread 0x000000001beab000 nmethod 1191 0x0000000002c82bd0 code [0x0000000002c82d20, 0x0000000002c82f70]
Event: 4.985 Thread 0x000000001bea8000 1192       4       me.nullicorn.nedit.NBTInputStream::readValue (152 bytes)
Event: 4.991 Thread 0x000000001be9c000 1193       4       java.lang.Integer::hashCode (8 bytes)
Event: 4.991 Thread 0x000000001be9c000 nmethod 1193 0x0000000002bf2f10 code [0x0000000002bf3040, 0x0000000002bf3098]
Event: 4.995 Thread 0x000000001be9c000 1194       4       java.lang.Integer::valueOf (32 bytes)
Event: 4.997 Thread 0x000000001be9c000 nmethod 1194 0x0000000002c827d0 code [0x0000000002c82920, 0x0000000002c82a18]
Event: 4.997 Thread 0x000000001be9c000 1195       4       me.nullicorn.nedit.type.NBTCompound::tagToString (199 bytes)
Event: 5.004 Thread 0x000000001beab000 1196       3       java.util.zip.InflaterInputStream::fill (60 bytes)
Event: 5.005 Thread 0x000000001beab000 nmethod 1196 0x0000000002c8b290 code [0x0000000002c8b440, 0x0000000002c8b8f8]

GC Heap History (10 events):
Event: 4.908 GC heap before
{Heap before GC invocations=14 (full 0):
 PSYoungGen      total 117760K, used 106508K [0x000000076b180000, 0x0000000773100000, 0x00000007c0000000)
  eden space 104960K, 98% used [0x000000076b180000,0x000000077164e308,0x0000000771800000)
  from space 12800K, 25% used [0x0000000771800000,0x0000000771b34d48,0x0000000772480000)
  to   space 11776K, 0% used [0x0000000772580000,0x0000000772580000,0x0000000773100000)
 ParOldGen       total 175104K, used 2942K [0x00000006c1400000, 0x00000006cbf00000, 0x000000076b180000)
  object space 175104K, 1% used [0x00000006c1400000,0x00000006c16dfa40,0x00000006cbf00000)
 Metaspace       used 9285K, capacity 9498K, committed 9600K, reserved 1058816K
  class space    used 1037K, capacity 1131K, committed 1152K, reserved 1048576K
Event: 4.910 GC heap after
Heap after GC invocations=14 (full 0):
 PSYoungGen      total 116736K, used 6353K [0x000000076b180000, 0x0000000773100000, 0x00000007c0000000)
  eden space 104960K, 0% used [0x000000076b180000,0x000000076b180000,0x0000000771800000)
  from space 11776K, 53% used [0x0000000772580000,0x0000000772bb4510,0x0000000773100000)
  to   space 12800K, 0% used [0x0000000771800000,0x0000000771800000,0x0000000772480000)
 ParOldGen       total 175104K, used 2950K [0x00000006c1400000, 0x00000006cbf00000, 0x000000076b180000)
  object space 175104K, 1% used [0x00000006c1400000,0x00000006c16e1a40,0x00000006cbf00000)
 Metaspace       used 9285K, capacity 9498K, committed 9600K, reserved 1058816K
  class space    used 1037K, capacity 1131K, committed 1152K, reserved 1048576K
}
Event: 4.938 GC heap before
{Heap before GC invocations=15 (full 0):
 PSYoungGen      total 116736K, used 110583K [0x000000076b180000, 0x0000000773100000, 0x00000007c0000000)
  eden space 104960K, 99% used [0x000000076b180000,0x0000000771749748,0x0000000771800000)
  from space 11776K, 53% used [0x0000000772580000,0x0000000772bb4510,0x0000000773100000)
  to   space 12800K, 0% used [0x0000000771800000,0x0000000771800000,0x0000000772480000)
 ParOldGen       total 175104K, used 2950K [0x00000006c1400000, 0x00000006cbf00000, 0x000000076b180000)
  object space 175104K, 1% used [0x00000006c1400000,0x00000006c16e1a40,0x00000006cbf00000)
 Metaspace       used 9287K, capacity 9498K, committed 9600K, reserved 1058816K
  class space    used 1037K, capacity 1131K, committed 1152K, reserved 1048576K
Event: 4.939 GC heap after
Heap after GC invocations=15 (full 0):
 PSYoungGen      total 117760K, used 6216K [0x000000076b180000, 0x0000000773100000, 0x00000007c0000000)
  eden space 104960K, 0% used [0x000000076b180000,0x000000076b180000,0x0000000771800000)
  from space 12800K, 48% used [0x0000000771800000,0x0000000771e12128,0x0000000772480000)
  to   space 11776K, 0% used [0x0000000772580000,0x0000000772580000,0x0000000773100000)
 ParOldGen       total 175104K, used 2958K [0x00000006c1400000, 0x00000006cbf00000, 0x000000076b180000)
  object space 175104K, 1% used [0x00000006c1400000,0x00000006c16e3a40,0x00000006cbf00000)
 Metaspace       used 9287K, capacity 9498K, committed 9600K, reserved 1058816K
  class space    used 1037K, capacity 1131K, committed 1152K, reserved 1048576K
}
Event: 4.964 GC heap before
{Heap before GC invocations=16 (full 0):
 PSYoungGen      total 117760K, used 111098K [0x000000076b180000, 0x0000000773100000, 0x00000007c0000000)
  eden space 104960K, 99% used [0x000000076b180000,0x00000007717ec830,0x0000000771800000)
  from space 12800K, 48% used [0x0000000771800000,0x0000000771e12128,0x0000000772480000)
  to   space 11776K, 0% used [0x0000000772580000,0x0000000772580000,0x0000000773100000)
 ParOldGen       total 175104K, used 2958K [0x00000006c1400000, 0x00000006cbf00000, 0x000000076b180000)
  object space 175104K, 1% used [0x00000006c1400000,0x00000006c16e3a40,0x00000006cbf00000)
 Metaspace       used 9292K, capacity 9562K, committed 9600K, reserved 1058816K
  class space    used 1037K, capacity 1131K, committed 1152K, reserved 1048576K
Event: 4.965 GC heap after
Heap after GC invocations=16 (full 0):
 PSYoungGen      total 116736K, used 6084K [0x000000076b180000, 0x0000000773100000, 0x00000007c0000000)
  eden space 104960K, 0% used [0x000000076b180000,0x000000076b180000,0x0000000771800000)
  from space 11776K, 51% used [0x0000000772580000,0x0000000772b712e8,0x0000000773100000)
  to   space 12800K, 0% used [0x0000000771800000,0x0000000771800000,0x0000000772480000)
 ParOldGen       total 175104K, used 2966K [0x00000006c1400000, 0x00000006cbf00000, 0x000000076b180000)
  object space 175104K, 1% used [0x00000006c1400000,0x00000006c16e5a40,0x00000006cbf00000)
 Metaspace       used 9292K, capacity 9562K, committed 9600K, reserved 1058816K
  class space    used 1037K, capacity 1131K, committed 1152K, reserved 1048576K
}
Event: 4.987 GC heap before
{Heap before GC invocations=17 (full 0):
 PSYoungGen      total 116736K, used 108795K [0x000000076b180000, 0x0000000773100000, 0x00000007c0000000)
  eden space 104960K, 97% used [0x000000076b180000,0x00000007715cd9f8,0x0000000771800000)
  from space 11776K, 51% used [0x0000000772580000,0x0000000772b712e8,0x0000000773100000)
  to   space 12800K, 0% used [0x0000000771800000,0x0000000771800000,0x0000000772480000)
 ParOldGen       total 175104K, used 2966K [0x00000006c1400000, 0x00000006cbf00000, 0x000000076b180000)
  object space 175104K, 1% used [0x00000006c1400000,0x00000006c16e5a40,0x00000006cbf00000)
 Metaspace       used 9292K, capacity 9562K, committed 9600K, reserved 1058816K
  class space    used 1037K, capacity 1131K, committed 1152K, reserved 1048576K
Event: 4.988 GC heap after
Heap after GC invocations=17 (full 0):
 PSYoungGen      total 117760K, used 3021K [0x000000076b180000, 0x0000000773100000, 0x00000007c0000000)
  eden space 104960K, 0% used [0x000000076b180000,0x000000076b180000,0x0000000771800000)
  from space 12800K, 23% used [0x0000000771800000,0x0000000771af3720,0x0000000772480000)
  to   space 11776K, 0% used [0x0000000772580000,0x0000000772580000,0x0000000773100000)
 ParOldGen       total 175104K, used 2982K [0x00000006c1400000, 0x00000006cbf00000, 0x000000076b180000)
  object space 175104K, 1% used [0x00000006c1400000,0x00000006c16e9a40,0x00000006cbf00000)
 Metaspace       used 9292K, capacity 9562K, committed 9600K, reserved 1058816K
  class space    used 1037K, capacity 1131K, committed 1152K, reserved 1048576K
}
Event: 5.018 GC heap before
{Heap before GC invocations=18 (full 0):
 PSYoungGen      total 117760K, used 106403K [0x000000076b180000, 0x0000000773100000, 0x00000007c0000000)
  eden space 104960K, 98% used [0x000000076b180000,0x0000000771675650,0x0000000771800000)
  from space 12800K, 23% used [0x0000000771800000,0x0000000771af3720,0x0000000772480000)
  to   space 11776K, 0% used [0x0000000772580000,0x0000000772580000,0x0000000773100000)
 ParOldGen       total 175104K, used 2982K [0x00000006c1400000, 0x00000006cbf00000, 0x000000076b180000)
  object space 175104K, 1% used [0x00000006c1400000,0x00000006c16e9a40,0x00000006cbf00000)
 Metaspace       used 9293K, capacity 9562K, committed 9600K, reserved 1058816K
  class space    used 1038K, capacity 1131K, committed 1152K, reserved 1048576K
Event: 5.019 GC heap after
Heap after GC invocations=18 (full 0):
 PSYoungGen      total 116736K, used 2967K [0x000000076b180000, 0x0000000773100000, 0x00000007c0000000)
  eden space 104960K, 0% used [0x000000076b180000,0x000000076b180000,0x0000000771800000)
  from space 11776K, 25% used [0x0000000772580000,0x0000000772865cc0,0x0000000773100000)
  to   space 12800K, 0% used [0x0000000771800000,0x0000000771800000,0x0000000772480000)
 ParOldGen       total 175104K, used 2982K [0x00000006c1400000, 0x00000006cbf00000, 0x000000076b180000)
  object space 175104K, 1% used [0x00000006c1400000,0x00000006c16e9a40,0x00000006cbf00000)
 Metaspace       used 9293K, capacity 9562K, committed 9600K, reserved 1058816K
  class space    used 1038K, capacity 1131K, committed 1152K, reserved 1048576K
}

Deoptimization events (10 events):
Event: 3.958 Thread 0x00000000025be000 Uncommon trap: reason=class_check action=maybe_recompile pc=0x0000000002b0d758 method=java.util.regex.Matcher.search(I)Z @ 86
Event: 3.958 Thread 0x00000000025be000 Uncommon trap: reason=class_check action=maybe_recompile pc=0x0000000002b0d758 method=java.util.regex.Matcher.search(I)Z @ 86
Event: 3.959 Thread 0x00000000025be000 Uncommon trap: reason=class_check action=maybe_recompile pc=0x0000000002b0d758 method=java.util.regex.Matcher.search(I)Z @ 86
Event: 3.959 Thread 0x00000000025be000 Uncommon trap: reason=class_check action=maybe_recompile pc=0x0000000002b0d758 method=java.util.regex.Matcher.search(I)Z @ 86
Event: 4.601 Thread 0x00000000025be000 Uncommon trap: reason=unstable_if action=reinterpret pc=0x0000000002c2a230 method=java.util.regex.Pattern$CharProperty.match(Ljava/util/regex/Matcher;ILjava/lang/CharSequence;)Z @ 5
Event: 4.602 Thread 0x00000000025be000 Uncommon trap: reason=bimorphic action=maybe_recompile pc=0x0000000002b5ba24 method=java.io.DataInputStream.readChar()C @ 4
Event: 4.603 Thread 0x00000000025be000 Uncommon trap: reason=bimorphic action=maybe_recompile pc=0x0000000002b5ba24 method=java.io.DataInputStream.readChar()C @ 4
Event: 4.603 Thread 0x00000000025be000 Uncommon trap: reason=bimorphic action=maybe_recompile pc=0x0000000002b5ba24 method=java.io.DataInputStream.readChar()C @ 4
Event: 4.603 Thread 0x00000000025be000 Uncommon trap: reason=bimorphic action=maybe_recompile pc=0x0000000002b5ba24 method=java.io.DataInputStream.readChar()C @ 4
Event: 4.603 Thread 0x00000000025be000 Uncommon trap: reason=unstable_if action=reinterpret pc=0x0000000002b3d984 method=sun.nio.cs.UTF_8$Decoder.decode([BII[C)I @ 30

Classes redefined (0 events):
No events

Internal exceptions (9 events):
Event: 0.055 Thread 0x00000000025be000 Exception <a 'java/lang/NoSuchMethodError': Method sun.misc.Unsafe.defineClass(Ljava/lang/String;[BII)Ljava/lang/Class; name or signature does not match> (0x000000076b187cb0) thrown at [C:\re\workspace\8-2-build-windows-amd64-cygwin\jdk8u211\12973\hotspot
Event: 0.055 Thread 0x00000000025be000 Exception <a 'java/lang/NoSuchMethodError': Method sun.misc.Unsafe.prefetchRead(Ljava/lang/Object;J)V name or signature does not match> (0x000000076b187f98) thrown at [C:\re\workspace\8-2-build-windows-amd64-cygwin\jdk8u211\12973\hotspot\src\share\vm\prim
Event: 0.164 Thread 0x00000000025be000 Exception <a 'java/security/PrivilegedActionException'> (0x000000076b20ee58) thrown at [C:\re\workspace\8-2-build-windows-amd64-cygwin\jdk8u211\12973\hotspot\src\share\vm\prims\jvm.cpp, line 1502]
Event: 0.164 Thread 0x00000000025be000 Exception <a 'java/security/PrivilegedActionException'> (0x000000076b20f250) thrown at [C:\re\workspace\8-2-build-windows-amd64-cygwin\jdk8u211\12973\hotspot\src\share\vm\prims\jvm.cpp, line 1502]
Event: 0.166 Thread 0x00000000025be000 Exception <a 'java/security/PrivilegedActionException'> (0x000000076b2130a8) thrown at [C:\re\workspace\8-2-build-windows-amd64-cygwin\jdk8u211\12973\hotspot\src\share\vm\prims\jvm.cpp, line 1502]
Event: 0.166 Thread 0x00000000025be000 Exception <a 'java/security/PrivilegedActionException'> (0x000000076b2134a0) thrown at [C:\re\workspace\8-2-build-windows-amd64-cygwin\jdk8u211\12973\hotspot\src\share\vm\prims\jvm.cpp, line 1502]
Event: 3.108 Thread 0x00000000025be000 Exception <a 'java/lang/NoSuchFieldError': method resolution failed> (0x000000076b75bcc0) thrown at [C:\re\workspace\8-2-build-windows-amd64-cygwin\jdk8u211\12973\hotspot\src\share\vm\prims\methodHandles.cpp, line 1167]
Event: 3.111 Thread 0x00000000025be000 Exception <a 'java/lang/NoSuchFieldError': method resolution failed> (0x000000076b769430) thrown at [C:\re\workspace\8-2-build-windows-amd64-cygwin\jdk8u211\12973\hotspot\src\share\vm\prims\methodHandles.cpp, line 1167]
Event: 5.030 Thread 0x00000000025be000 Exception <a 'java/lang/OutOfMemoryError'> (0x000000076b46dc78) thrown at [C:\re\workspace\8-2-build-windows-amd64-cygwin\jdk8u211\12973\hotspot\src\share\vm\prims\jni.cpp, line 736]

Events (10 events):
Event: 4.966 Executing VM operation: ParallelGCFailedAllocation done
Event: 4.986 Executing VM operation: ParallelGCFailedAllocation
Event: 4.988 Executing VM operation: ParallelGCFailedAllocation done
Event: 5.009 loading class sun/nio/cs/UTF_8$1
Event: 5.009 loading class sun/nio/cs/UTF_8$1 done
Event: 5.018 Executing VM operation: ParallelGCFailedAllocation
Event: 5.019 Executing VM operation: ParallelGCFailedAllocation done
Event: 5.030 loading class java/util/zip/DataFormatException
Event: 5.030 loading class java/util/zip/DataFormatException done
Event: 5.030 loading class java/lang/Throwable$WrappedPrintStream


Dynamic libraries:
0x00007ff621a70000 - 0x00007ff621aa7000 	C:\Program Files\Java\jre1.8.0_211\bin\javaw.exe
0x00007ff8e7f30000 - 0x00007ff8e8125000 	C:\WINDOWS\SYSTEM32\ntdll.dll
0x00007ff8e6fb0000 - 0x00007ff8e706e000 	C:\WINDOWS\System32\KERNEL32.DLL
0x00007ff8e5900000 - 0x00007ff8e5bc8000 	C:\WINDOWS\System32\KERNELBASE.dll
0x00000000704f0000 - 0x000000007081a000 	C:\Program Files\Norton Security\NortonData\22.21.9.25\Definitions\IPSDefs\20211217.061\IPSEng64.dll
0x00007ff8e6b10000 - 0x00007ff8e6bbc000 	C:\WINDOWS\System32\ADVAPI32.dll
0x00007ff8e60f0000 - 0x00007ff8e618e000 	C:\WINDOWS\System32\msvcrt.dll
0x00007ff8e6450000 - 0x00007ff8e64eb000 	C:\WINDOWS\System32\sechost.dll
0x00007ff8e6190000 - 0x00007ff8e62ba000 	C:\WINDOWS\System32\RPCRT4.dll
0x00007ff8e60e0000 - 0x00007ff8e60e8000 	C:\WINDOWS\System32\PSAPI.DLL
0x00007ff8e7070000 - 0x00007ff8e7211000 	C:\WINDOWS\System32\USER32.dll
0x00007ff8e5cd0000 - 0x00007ff8e5cf2000 	C:\WINDOWS\System32\win32u.dll
0x00007ff8e7ec0000 - 0x00007ff8e7eeb000 	C:\WINDOWS\System32\GDI32.dll
0x00007ff8e5e60000 - 0x00007ff8e5f6d000 	C:\WINDOWS\System32\gdi32full.dll
0x00007ff8e57b0000 - 0x00007ff8e584d000 	C:\WINDOWS\System32\msvcp_win.dll
0x00007ff8e5bd0000 - 0x00007ff8e5cd0000 	C:\WINDOWS\System32\ucrtbase.dll
0x00007ff8d9c80000 - 0x00007ff8d9f1a000 	C:\WINDOWS\WinSxS\amd64_microsoft.windows.common-controls_6595b64144ccf1df_6.0.19041.1110_none_60b5254171f9507e\COMCTL32.dll
0x00007ff8e6bc0000 - 0x00007ff8e6bf0000 	C:\WINDOWS\System32\IMM32.DLL
0x0000000070410000 - 0x00000000704e2000 	C:\Program Files\Java\jre1.8.0_211\bin\msvcr100.dll
0x0000000071440000 - 0x0000000071ce5000 	C:\Program Files\Java\jre1.8.0_211\bin\server\jvm.dll
0x00007ff8d9a50000 - 0x00007ff8d9a77000 	C:\WINDOWS\SYSTEM32\WINMM.dll
0x00007ff8dbc80000 - 0x00007ff8dbc8a000 	C:\WINDOWS\SYSTEM32\VERSION.dll
0x00007ff8e35f0000 - 0x00007ff8e35f9000 	C:\WINDOWS\SYSTEM32\WSOCK32.dll
0x00007ff8e6aa0000 - 0x00007ff8e6b0b000 	C:\WINDOWS\System32\WS2_32.dll
0x00007ff8da030000 - 0x00007ff8da03f000 	C:\Program Files\Java\jre1.8.0_211\bin\verify.dll
0x00007ff8a5180000 - 0x00007ff8a51a9000 	C:\Program Files\Java\jre1.8.0_211\bin\java.dll
0x00007ff8a5160000 - 0x00007ff8a5176000 	C:\Program Files\Java\jre1.8.0_211\bin\zip.dll
0x00007ff8e7220000 - 0x00007ff8e7964000 	C:\WINDOWS\System32\SHELL32.dll
0x00007ff8e6030000 - 0x00007ff8e60dd000 	C:\WINDOWS\System32\shcore.dll
0x00007ff8e7970000 - 0x00007ff8e7cc5000 	C:\WINDOWS\System32\combase.dll
0x00007ff8e3600000 - 0x00007ff8e3d94000 	C:\WINDOWS\SYSTEM32\windows.storage.dll
0x00007ff8e4fc0000 - 0x00007ff8e4fee000 	C:\WINDOWS\SYSTEM32\Wldp.dll
0x00007ff8e5fd0000 - 0x00007ff8e6025000 	C:\WINDOWS\System32\shlwapi.dll
0x00007ff8e5580000 - 0x00007ff8e559f000 	C:\WINDOWS\SYSTEM32\profapi.dll
0x00007ff8b2320000 - 0x00007ff8b2344000 	C:\Program Files\Java\jre1.8.0_211\bin\sunec.dll
0x00007ff8a5140000 - 0x00007ff8a515a000 	C:\Program Files\Java\jre1.8.0_211\bin\net.dll
0x00007ff8d92e0000 - 0x00007ff8d94cb000 	C:\WINDOWS\SYSTEM32\urlmon.dll
0x00007ff8d8fb0000 - 0x00007ff8d9260000 	C:\WINDOWS\SYSTEM32\iertutil.dll
0x00007ff8e4b70000 - 0x00007ff8e4b7c000 	C:\WINDOWS\SYSTEM32\netutils.dll
0x00007ff8d9260000 - 0x00007ff8d9288000 	C:\WINDOWS\SYSTEM32\srvcli.dll
0x00007ff8e4d20000 - 0x00007ff8e4d8a000 	C:\WINDOWS\system32\mswsock.dll
0x00007ff8e4a10000 - 0x00007ff8e4a4b000 	C:\WINDOWS\SYSTEM32\IPHLPAPI.DLL
0x00007ff8e7eb0000 - 0x00007ff8e7eb8000 	C:\WINDOWS\System32\NSI.dll
0x00007ff8dd320000 - 0x00007ff8dd337000 	C:\WINDOWS\SYSTEM32\dhcpcsvc6.DLL
0x00007ff8dd300000 - 0x00007ff8dd31d000 	C:\WINDOWS\SYSTEM32\dhcpcsvc.DLL
0x00007ff8e4a50000 - 0x00007ff8e4b1b000 	C:\WINDOWS\SYSTEM32\DNSAPI.dll
0x00007ff8a5120000 - 0x00007ff8a5132000 	C:\Program Files\Java\jre1.8.0_211\bin\nio.dll
0x00007ff8e4f10000 - 0x00007ff8e4f28000 	C:\WINDOWS\SYSTEM32\CRYPTSP.dll
0x00007ff8e46a0000 - 0x00007ff8e46d4000 	C:\WINDOWS\system32\rsaenh.dll
0x00007ff8e5780000 - 0x00007ff8e57a7000 	C:\WINDOWS\System32\bcrypt.dll
0x00007ff8e5500000 - 0x00007ff8e552e000 	C:\WINDOWS\SYSTEM32\USERENV.dll
0x00007ff8e5640000 - 0x00007ff8e56c2000 	C:\WINDOWS\System32\bcryptprimitives.dll
0x00007ff8e4f30000 - 0x00007ff8e4f3c000 	C:\WINDOWS\SYSTEM32\CRYPTBASE.dll
0x00007ff8d8900000 - 0x00007ff8d890b000 	C:\Program Files\Java\jre1.8.0_211\bin\sunmscapi.dll
0x00007ff8e5d00000 - 0x00007ff8e5e56000 	C:\WINDOWS\System32\CRYPT32.dll
0x00007ff8da7c0000 - 0x00007ff8da7ca000 	C:\Windows\System32\rasadhlp.dll
0x00007ff8da7e0000 - 0x00007ff8da85f000 	C:\WINDOWS\System32\fwpuclnt.dll

VM Arguments:
jvm_args: -Dfile.encoding=Cp1252 
java_command: a.Test
java_class_path (initial): C:\Users\steve\eclipse-workspace\a\target\classes;C:\Users\steve\.m2\repository\com\github\TheNullicorn\Nedit\v0.1.0\Nedit-v0.1.0.jar;C:\Users\steve\.m2\repository\org\projectlombok\lombok\1.18.12\lombok-1.18.12.jar;C:\Users\steve\.m2\repository\org\jetbrains\annotations\19.0.0\annotations-19.0.0.jar
Launcher Type: SUN_STANDARD

Environment Variables:
PATH=C:/Program Files/Java/jre1.8.0_211/bin/server;C:/Program Files/Java/jre1.8.0_211/bin;C:/Program Files/Java/jre1.8.0_211/lib/amd64;C:\Program Files (x86)\Common Files\Oracle\Java\javapath;C:\Program Files (x86)\Intel\iCLS Client\;C:\ProgramData\Oracle\Java\javapath;C:\Program Files\Intel\iCLS Client\;C:\WINDOWS\system32;C:\WINDOWS;C:\WINDOWS\System32\Wbem;C:\WINDOWS\System32\WindowsPowerShell\v1.0\;C:\Program Files\apache-ant-1.10.0\bin;C:\Program Files (x86)\GtkSharp\2.12\bin;C:\Program Files (x86)\Common Files\Seagate\SnapAPI\;C:\Program Files (x86)\Intel\Intel(R) Management Engine Components\DAL;C:\Program Files\Intel\Intel(R) Management Engine Components\DAL;C:\Program Files (x86)\Intel\Intel(R) Management Engine Components\IPT;C:\Program Files\Intel\Intel(R) Management Engine Components\IPT;C:\WINDOWS\System32\OpenSSH\;C:\Program Files\Microsoft SQL Server\120\Tools\Binn\;C:\Program Files\Git\cmd;C:\Users\steve\AppData\Local\Microsoft\WindowsApps;C:\Users\steve\AppData\Local\GitHubDesktop\bin;C:\Program Files (x86)\Common Files\Acronis\TibMounter64;C:\WINDOWS\system32;
USERNAME=steve
OS=Windows_NT
PROCESSOR_IDENTIFIER=Intel64 Family 6 Model 142 Stepping 9, GenuineIntel



---------------  S Y S T E M  ---------------

OS: Windows 10.0 , 64 bit Build 19041 (10.0.19041.1348)

CPU:total 4 (initial active 4) (2 cores per cpu, 2 threads per core) family 6 model 142 stepping 9, cmov, cx8, fxsr, mmx, sse, sse2, sse3, ssse3, sse4.1, sse4.2, popcnt, avx, avx2, aes, clmul, erms, 3dnowpref, lzcnt, ht, tsc, tscinvbit, bmi1, bmi2, adx

Memory: 4k page, physical 16692356k(2700804k free), swap 67024004k(5120k free)

vm_info: Java HotSpot(TM) 64-Bit Server VM (25.211-b12) for windows-amd64 JRE (1.8.0_211-b12), built on Apr  1 2019 20:53:26 by "java_re" with MS VC++ 10.0 (VS2010)

time: Fri Dec 17 17:45:29 2021
timezone: Pacific Standard Time
elapsed time: 5 seconds (0d 0h 0m 5s)

